<?xml version="1.0" encoding="UTF-8"?>
<!-- Generated by org.testng.reporters.JUnitReportReporter -->
<testsuite hostname="LAPTOP-MF2L4TLF" failures="0" tests="1" name="com.authors.GetMethodAuthors" time="2.364" errors="0" timestamp="2025-02-07T17:15:38 IST" skipped="0">
  <testcase classname="com.authors.GetMethodAuthors" name="testGetAuthorById" time="2.364"/>
</testsuite> <!-- com.authors.GetMethodAuthors -->
